<?xml version="1.0" encoding="UTF-8"?>
<!-- Generated by org.testng.reporters.JUnitReportReporter -->
<testsuite hostname="USER" name="com.qa.test.GetAPITest" tests="2" failures="0" timestamp="10 Mar 2019 06:48:56 GMT" time="2.569" errors="0">
  <testcase name="getAPITest" time="2.285" classname="com.qa.test.GetAPITest"/>
  <testcase name="getAPITestWithHeader" time="0.284" classname="com.qa.test.GetAPITest"/>
</testsuite> <!-- com.qa.test.GetAPITest -->
