<?xml version="1.0" encoding="UTF-8"?>
<!-- Generated by org.testng.reporters.JUnitReportReporter -->
<testsuite hostname="USER" name="com.qa.test.PostAPITest" tests="1" failures="0" timestamp="10 Mar 2019 08:39:50 GMT" time="1.871" errors="0">
  <testcase name="postAPITest" time="1.871" classname="com.qa.test.PostAPITest"/>
</testsuite> <!-- com.qa.test.PostAPITest -->
